<?xml version="1.0" encoding="UTF-8"?>
<testng-results ignored="0" total="1" passed="1" failed="0" skipped="0">
  <reporter-output>
  </reporter-output>
  <suite started-at="2025-02-06T12:26:58 IST" name="All Test Suite" finished-at="2025-02-06T12:27:03 IST" duration-ms="5275">
    <groups>
    </groups>
    <test started-at="2025-02-06T12:26:58 IST" name="C:/Users/csangeeth/IdeaProjects/jacoco" finished-at="2025-02-06T12:27:03 IST" duration-ms="5275">
      <class name="tests.Example">
        <test-method signature="testJacoco()[pri:0, instance:tests.Example@4189d70b]" started-at="2025-02-06T12:26:58 IST" name="testJacoco" finished-at="2025-02-06T12:27:03 IST" duration-ms="5153" status="PASS">
          <reporter-output>
          </reporter-output>
        </test-method> <!-- testJacoco -->
      </class> <!-- tests.Example -->
    </test> <!-- C:/Users/csangeeth/IdeaProjects/jacoco -->
  </suite> <!-- All Test Suite -->
</testng-results>
